number,value,datetime_start,datetime_complete,duration,params_learning_rate,params_max_depth,params_min_child_samples,params_n_estimators,params_num_leaves,params_reg_lambda,state
0,0.8215897975884994,2026-09-11 01:09:40.068256,2026-09-11 01:09:40.851594,0 days 00:00:00.783338,0.0174068719569843,7,28,272,17,7.728572553918113,COMPLETE
1,0.8425046959971954,2026-09-11 01:09:40.851702,2026-09-11 01:09:41.566133,0 days 00:00:00.714431,0.05565421818989251,5,22,263,29,1.5044164367137802,COMPLETE
2,0.8282999909263791,2026-09-11 01:09:41.566244,2026-09-11 01:09:42.105465,0 days 00:00:00.539221,0.03159765618349822,3,31,304,29,1.3706483847591289,COMPLETE
3,0.8283189982844463,2026-09-11 01:09:42.105580,2026-09-11 01:09:42.991579,0 days 00:00:00.885999,0.018380311126071674,3,19,472,30,2.9723166094411173,COMPLETE
4,0.8270542962880773,2026-09-11 01:09:42.991688,2026-09-11 01:09:43.522715,0 days 00:00:00.531027,0.0162250076752264,3,27,279,31,3.317990907271911,COMPLETE
5,0.8318888093651785,2026-09-11 01:09:43.522805,2026-09-11 01:09:44.848129,0 days 00:00:01.325324,0.03277960425244877,5,20,550,24,2.0450174062807682,COMPLETE
6,0.8330415523371703,2026-09-11 01:09:44.848228,2026-09-11 01:09:45.603862,0 days 00:00:00.755634,0.03190678412325959,4,43,421,19,1.1867490523761555,COMPLETE
7,0.8358065664891291,2026-09-11 01:09:45.603961,2026-09-11 01:09:46.103475,0 days 00:00:00.499514,0.021057200307886242,4,34,189,13,3.914917148105364,COMPLETE
8,0.8309992516487169,2026-09-11 01:09:46.103573,2026-09-11 01:09:47.024130,0 days 00:00:00.920557,0.07683839855070079,3,12,539,9,1.7785162835747184,COMPLETE
9,0.8372017690362605,2026-09-11 01:09:47.024227,2026-09-11 01:09:47.677769,0 days 00:00:00.653542,0.032570496199775915,7,24,201,23,3.1328815294787766,COMPLETE
10,0.836019900940417,2026-09-11 01:09:47.677862,2026-09-11 01:09:48.568042,0 days 00:00:00.890180,0.07898390385775225,6,40,386,9,0.5360303918537767,COMPLETE
11,0.8296082699414776,2026-09-11 01:09:48.568142,2026-09-11 01:09:49.282698,0 days 00:00:00.714556,0.0533120672379728,7,20,194,24,0.7887021343628016,COMPLETE
12,0.8351821888864128,2026-09-11 01:09:49.282813,2026-09-11 01:09:50.086293,0 days 00:00:00.803480,0.04640405805723359,6,24,238,25,5.7487629980433645,COMPLETE
13,0.8392518974131964,2026-09-11 01:09:50.086404,2026-09-11 01:09:51.231136,0 days 00:00:01.144732,0.04783854605271176,6,15,343,20,2.278847441820697,COMPLETE
14,0.8428413812226103,2026-09-11 01:09:51.231244,2026-09-11 01:09:52.320205,0 days 00:00:01.088961,0.051947411676429564,5,12,350,19,0.9627370116727677,COMPLETE
15,0.8417942226534008,2026-09-11 01:09:52.320297,2026-09-11 01:09:53.366229,0 days 00:00:01.045932,0.05718445175514381,5,13,349,14,1.0103714535434474,COMPLETE
16,0.8292337778664601,2026-09-11 01:09:53.366334,2026-09-11 01:09:54.497223,0 days 00:00:01.130889,0.06368371081110227,5,16,426,27,0.6889745326580117,COMPLETE
17,0.8442327696448241,2026-09-11 01:09:54.497339,2026-09-11 01:09:55.245096,0 days 00:00:00.747757,0.03911756076118602,4,17,325,21,1.4622129765231053,COMPLETE
18,0.8409371114952401,2026-09-11 01:09:55.245213,2026-09-11 01:09:55.995247,0 days 00:00:00.750034,0.0411045774685583,4,16,328,21,0.8043490413410261,COMPLETE
19,0.8461258717804219,2026-09-11 01:09:55.995372,2026-09-11 01:09:57.108608,0 days 00:00:01.113236,0.0241382790774509,4,17,480,16,1.0817130716689736,COMPLETE
20,0.8361795366956105,2026-09-11 01:09:57.108721,2026-09-11 01:09:58.378691,0 days 00:00:01.269970,0.024602869164268924,4,18,593,15,0.5374730662572818,COMPLETE
21,0.8401660645823114,2026-09-11 01:09:58.378779,2026-09-11 01:09:59.404874,0 days 00:00:01.026095,0.03967369604528613,4,12,470,18,1.0032027404732795,COMPLETE
22,0.8363844762286309,2026-09-11 01:09:59.404996,2026-09-11 01:10:00.609015,0 days 00:00:01.204019,0.026222999448069096,5,16,395,16,1.0845494781405183,COMPLETE
23,0.838448991393985,2026-09-11 01:10:00.609108,2026-09-11 01:10:01.602544,0 days 00:00:00.993436,0.04017333219904621,4,14,459,12,1.316298101413029,COMPLETE
24,0.8364537104789533,2026-09-11 01:10:01.602656,2026-09-11 01:10:02.852277,0 days 00:00:01.249621,0.025814334064472606,5,18,501,21,1.7066947232956768,COMPLETE
25,0.832475945531584,2026-09-11 01:10:02.852402,2026-09-11 01:10:03.725971,0 days 00:00:00.873569,0.06624528992951177,4,22,375,11,0.7847316129533489,COMPLETE
26,0.8363041641139946,2026-09-11 01:10:03.726073,2026-09-11 01:10:04.760496,0 days 00:00:01.034423,0.021202911725386252,6,12,307,17,2.175750158244874,COMPLETE
27,0.8424913286745003,2026-09-11 01:10:04.760601,2026-09-11 01:10:05.683114,0 days 00:00:00.922513,0.03648556139151416,4,17,424,22,0.8881391444693206,COMPLETE
28,0.8369283048575479,2026-09-11 01:10:05.683230,2026-09-11 01:10:06.977266,0 days 00:00:01.294036,0.04927244640397343,5,22,518,19,0.6373954186034264,COMPLETE
29,0.8253902553087172,2026-09-11 01:10:06.977390,2026-09-11 01:10:07.929457,0 days 00:00:00.952067,0.02748907832335568,3,26,589,7,7.369479216860034,COMPLETE
30,0.8296807073784644,2026-09-11 01:10:07.929551,2026-09-11 01:10:08.549843,0 days 00:00:00.620292,0.0217599100313394,4,14,235,17,1.4981277947518936,COMPLETE
31,0.8358073331860203,2026-09-11 01:10:08.549940,2026-09-11 01:10:09.203768,0 days 00:00:00.653828,0.059624447577519925,5,21,230,27,1.582761586012805,COMPLETE
32,0.835978215917787,2026-09-11 01:10:09.203876,2026-09-11 01:10:09.897540,0 days 00:00:00.693664,0.0433373998944138,5,30,268,27,1.248328008902793,COMPLETE
33,0.8301519352647306,2026-09-11 01:10:09.897642,2026-09-11 01:10:10.811302,0 days 00:00:00.913660,0.06992076531379358,6,24,285,29,1.37592785727431,COMPLETE
34,0.8340492271293845,2026-09-11 01:10:10.811400,2026-09-11 01:10:11.405137,0 days 00:00:00.593737,0.05355550565173248,3,19,322,15,1.8931951276129555,COMPLETE
35,0.8367618918469347,2026-09-11 01:10:11.405241,2026-09-11 01:10:12.052204,0 days 00:00:00.646963,0.036701278986884446,5,34,265,26,2.6415456537365465,COMPLETE
36,0.8334049842775333,2026-09-11 01:10:12.052325,2026-09-11 01:10:12.880526,0 days 00:00:00.828201,0.01726519335359618,4,18,360,31,1.143680648493816,COMPLETE
37,0.8258955813959585,2026-09-11 01:10:12.880628,2026-09-11 01:10:13.437334,0 days 00:00:00.556706,0.015149890898766285,3,26,296,18,0.9215937014575192,COMPLETE
38,0.8323024294576066,2026-09-11 01:10:13.437424,2026-09-11 01:10:14.200273,0 days 00:00:00.762849,0.029164988516808824,5,22,254,20,1.4976039902506377,COMPLETE
39,0.8425186928665916,2026-09-11 01:10:14.200385,2026-09-11 01:10:14.952240,0 days 00:00:00.751855,0.052402933483362106,4,14,315,23,2.353611222466287,COMPLETE
40,0.8298242350263805,2026-09-11 01:10:14.952332,2026-09-11 01:10:15.764445,0 days 00:00:00.812113,0.018930670562420326,3,14,441,23,3.8491332043288655,COMPLETE
41,0.8454807482733034,2026-09-11 01:10:15.764540,2026-09-11 01:10:16.626833,0 days 00:00:00.862293,0.051149352147165754,4,15,315,29,2.498450699737031,COMPLETE
42,0.842919850992786,2026-09-11 01:10:16.626936,2026-09-11 01:10:17.697117,0 days 00:00:01.070181,0.050367663368136646,4,15,321,22,2.2620822799082947,COMPLETE
43,0.8328370986622288,2026-09-11 01:10:17.697225,2026-09-11 01:10:18.853855,0 days 00:00:01.156630,0.06054115222168142,4,16,407,19,2.7521930228730707,COMPLETE
44,0.8405486346000373,2026-09-11 01:10:18.853959,2026-09-11 01:10:19.868049,0 days 00:00:01.014090,0.04386589283709777,4,20,365,21,1.9854990561782984,COMPLETE
45,0.8431068846838011,2026-09-11 01:10:19.868150,2026-09-11 01:10:20.670876,0 days 00:00:00.802726,0.04916725441322798,3,12,344,29,3.5902529311602653,COMPLETE
46,0.8429235697512046,2026-09-11 01:10:20.670970,2026-09-11 01:10:21.428363,0 days 00:00:00.757393,0.047742900819783815,3,17,321,30,3.531638875669039,COMPLETE
47,0.8263770611792518,2026-09-11 01:10:21.428459,2026-09-11 01:10:22.157712,0 days 00:00:00.729253,0.03621586565558952,3,19,295,29,4.752018570838608,COMPLETE
48,0.8451814595759919,2026-09-11 01:10:22.157826,2026-09-11 01:10:22.927601,0 days 00:00:00.769775,0.047002830782874656,3,17,337,30,3.777258316098776,COMPLETE
49,0.8404664749533169,2026-09-11 01:10:22.927714,2026-09-11 01:10:23.664351,0 days 00:00:00.736637,0.045338600514809646,3,13,338,28,4.398442203164851,COMPLETE
